<?xml version="1.0" encoding="UTF-8"?>
<!-- Generated by org.testng.reporters.JUnitReportReporter -->
<testsuite hostname="subbu" failures="0" tests="1" name="com.BunnyCart.TestRunner.TestRunner3" time="18.965" errors="0" timestamp="2025-03-25T15:20:36 IST" skipped="0">
  <testcase classname="com.BunnyCart.TestRunner.TestRunner3" name="runScenario" time="18.965"/>
</testsuite> <!-- com.BunnyCart.TestRunner.TestRunner3 -->
