<?xml version="1.0" encoding="UTF-8"?>
<!-- Generated by org.testng.reporters.JUnitReportReporter -->
<testsuite hostname="subbu" failures="0" tests="2" name="com.BunnyCart.TestRunner.TestRunner1" time="12.140" errors="0" timestamp="2025-03-26T09:42:39 IST" skipped="0">
  <testcase classname="com.BunnyCart.TestRunner.TestRunner1" name="runScenario" time="5.464"/>
  <testcase classname="com.BunnyCart.TestRunner.TestRunner1" name="runScenario" time="6.676"/>
</testsuite> <!-- com.BunnyCart.TestRunner.TestRunner1 -->
