<?xml version="1.0" encoding="UTF-8"?>
<!-- Generated by org.testng.reporters.JUnitReportReporter -->
<testsuite hostname="subbu" failures="0" tests="2" name="com.BunnyCart.TestRunner.TestRunner1" time="12.393" errors="0" timestamp="2025-03-26T09:55:50 IST" skipped="0">
  <testcase classname="com.BunnyCart.TestRunner.TestRunner1" name="runScenario" time="6.424"/>
  <testcase classname="com.BunnyCart.TestRunner.TestRunner1" name="runScenario" time="5.969"/>
</testsuite> <!-- com.BunnyCart.TestRunner.TestRunner1 -->
