<?xml version="1.0" encoding="UTF-8"?>
<!-- Generated by org.testng.reporters.JUnitReportReporter -->
<testsuite hostname="subbu" failures="0" tests="1" name="POM.BunnyCart.AppTest" time="0.000" errors="0" timestamp="2025-03-21T19:14:29 IST" skipped="0">
  <testcase classname="POM.BunnyCart.AppTest" name="testApp" time="0.000"/>
</testsuite> <!-- POM.BunnyCart.AppTest -->
