<?xml version="1.0" encoding="UTF-8"?>
<!-- Generated by org.testng.reporters.JUnitReportReporter -->
<testsuite hostname="subbu" failures="0" tests="1" name="com.BunnyCart.TestRunner.TestRunner3" time="12.520" errors="0" timestamp="2025-03-26T09:55:50 IST" skipped="0">
  <testcase classname="com.BunnyCart.TestRunner.TestRunner3" name="runScenario" time="12.520"/>
</testsuite> <!-- com.BunnyCart.TestRunner.TestRunner3 -->
